<?xml version="1.0" encoding="UTF-8"?>
<testng-results skipped="0" failed="1" ignored="3" total="6" passed="2">
  <reporter-output>
  </reporter-output>
  <suite name="Parallel CrossBrowser suite" duration-ms="78535" started-at="2019-11-09T20:35:54 IST" finished-at="2019-11-09T20:37:12 IST">
    <groups>
    </groups>
    <test name="Chrome test" duration-ms="223" started-at="2019-11-09T20:35:54 IST" finished-at="2019-11-09T20:35:54 IST">
      <class name="Frmwrk.Seleniumframeworkvikesh.TestGotoCartFunctionality">
        <test-method status="FAIL" signature="addAnItemTotheCart(java.lang.String)[pri:2, instance:Frmwrk.Seleniumframeworkvikesh.TestGotoCartFunctionality@4f063c0a]" name="addAnItemTotheCart" duration-ms="118" started-at="2019-11-09T20:35:54 IST" finished-at="2019-11-09T20:35:54 IST">
          <params>
            <param index="0">
              <value>
                <![CDATA[chrome]]>
              </value>
            </param>
          </params>
          <exception class="java.lang.IllegalStateException">
            <message>
              <![CDATA[The driver executable does not exist: C:\Users\vpawar\Documents\Bluetooth\chromedriver_win32\chromedriver.exe]]>
            </message>
            <full-stacktrace>
              <![CDATA[java.lang.IllegalStateException: The driver executable does not exist: C:\Users\vpawar\Documents\Bluetooth\chromedriver_win32\chromedriver.exe
at com.google.common.base.Preconditions.checkState(Preconditions.java:534)
at org.openqa.selenium.remote.service.DriverService.checkExecutable(DriverService.java:147)
at org.openqa.selenium.remote.service.DriverService.findExecutable(DriverService.java:142)
at org.openqa.selenium.chrome.ChromeDriverService.access$000(ChromeDriverService.java:35)
at org.openqa.selenium.chrome.ChromeDriverService$Builder.findDefaultExecutable(ChromeDriverService.java:177)
at org.openqa.selenium.remote.service.DriverService$Builder.build(DriverService.java:363)
at org.openqa.selenium.chrome.ChromeDriverService.createDefaultService(ChromeDriverService.java:100)
at org.openqa.selenium.chrome.ChromeDriver.<init>(ChromeDriver.java:105)
at Browsers.ChromeBrowser.<init>(ChromeBrowser.java:28)
at Browsers.BrowserFactory.provideBrowser(BrowserFactory.java:17)
at Frmwrk.Seleniumframeworkvikesh.TestGotoCartFunctionality.addAnItemTotheCart(TestGotoCartFunctionality.java:32)
at sun.reflect.NativeMethodAccessorImpl.invoke0(Native Method)
at sun.reflect.NativeMethodAccessorImpl.invoke(Unknown Source)
at sun.reflect.DelegatingMethodAccessorImpl.invoke(Unknown Source)
at java.lang.reflect.Method.invoke(Unknown Source)
at org.testng.internal.MethodInvocationHelper.invokeMethod(MethodInvocationHelper.java:133)
at org.testng.internal.TestInvoker.invokeMethod(TestInvoker.java:584)
at org.testng.internal.TestInvoker.invokeTestMethod(TestInvoker.java:172)
at org.testng.internal.MethodRunner.runInSequence(MethodRunner.java:46)
at org.testng.internal.TestInvoker$MethodInvocationAgent.invoke(TestInvoker.java:804)
at org.testng.internal.TestInvoker.invokeTestMethods(TestInvoker.java:145)
at org.testng.internal.TestMethodWorker.invokeTestMethods(TestMethodWorker.java:146)
at org.testng.internal.TestMethodWorker.run(TestMethodWorker.java:128)
at java.util.ArrayList.forEach(Unknown Source)
at org.testng.TestRunner.privateRun(TestRunner.java:770)
at org.testng.TestRunner.run(TestRunner.java:591)
at org.testng.SuiteRunner.runTest(SuiteRunner.java:402)
at org.testng.SuiteRunner.runSequentially(SuiteRunner.java:396)
at org.testng.SuiteRunner.privateRun(SuiteRunner.java:355)
at org.testng.SuiteRunner.run(SuiteRunner.java:304)
at org.testng.SuiteRunnerWorker.runSuite(SuiteRunnerWorker.java:53)
at org.testng.SuiteRunnerWorker.run(SuiteRunnerWorker.java:96)
at org.testng.TestNG.runSuitesSequentially(TestNG.java:1180)
at org.testng.TestNG.runSuitesLocally(TestNG.java:1102)
at org.testng.TestNG.runSuites(TestNG.java:1032)
at org.testng.TestNG.run(TestNG.java:1000)
at org.testng.remote.AbstractRemoteTestNG.run(AbstractRemoteTestNG.java:115)
at org.testng.remote.RemoteTestNG.initAndRun(RemoteTestNG.java:251)
at org.testng.remote.RemoteTestNG.main(RemoteTestNG.java:77)
]]>
            </full-stacktrace>
          </exception> <!-- java.lang.IllegalStateException -->
          <reporter-output>
          </reporter-output>
        </test-method> <!-- addAnItemTotheCart -->
      </class> <!-- Frmwrk.Seleniumframeworkvikesh.TestGotoCartFunctionality -->
    </test> <!-- Chrome test -->
    <test name="Chrome Headless test" duration-ms="34815" started-at="2019-11-09T20:35:54 IST" finished-at="2019-11-09T20:36:29 IST">
      <class name="Frmwrk.Seleniumframeworkvikesh.TestGotoCartFunctionality">
        <test-method status="PASS" signature="addAnItemTotheCart(java.lang.String)[pri:2, instance:Frmwrk.Seleniumframeworkvikesh.TestGotoCartFunctionality@4d41cee]" name="addAnItemTotheCart" duration-ms="34815" started-at="2019-11-09T20:35:54 IST" finished-at="2019-11-09T20:36:29 IST">
          <params>
            <param index="0">
              <value>
                <![CDATA[headlessChrome]]>
              </value>
            </param>
          </params>
          <reporter-output>
          </reporter-output>
        </test-method> <!-- addAnItemTotheCart -->
      </class> <!-- Frmwrk.Seleniumframeworkvikesh.TestGotoCartFunctionality -->
    </test> <!-- Chrome Headless test -->
    <test name="FireFox test" duration-ms="43365" started-at="2019-11-09T20:36:29 IST" finished-at="2019-11-09T20:37:12 IST">
      <class name="Frmwrk.Seleniumframeworkvikesh.TestGotoCartFunctionality">
        <test-method status="PASS" signature="addAnItemTotheCart(java.lang.String)[pri:2, instance:Frmwrk.Seleniumframeworkvikesh.TestGotoCartFunctionality@646d64ab]" name="addAnItemTotheCart" duration-ms="43365" started-at="2019-11-09T20:36:29 IST" finished-at="2019-11-09T20:37:12 IST">
          <params>
            <param index="0">
              <value>
                <![CDATA[mozilla]]>
              </value>
            </param>
          </params>
          <reporter-output>
          </reporter-output>
        </test-method> <!-- addAnItemTotheCart -->
      </class> <!-- Frmwrk.Seleniumframeworkvikesh.TestGotoCartFunctionality -->
    </test> <!-- FireFox test -->
  </suite> <!-- Parallel CrossBrowser suite -->
</testng-results>
