<?xml version="1.0" encoding="UTF-8"?>
<!-- Generated by org.testng.reporters.JUnitXMLReporter -->
<testsuite hostname="DESKTOP-M0K5BIV" ignored="1" name="FireFox test" tests="1" failures="0" timestamp="2019-11-09T20:37:12 IST" time="43.365" errors="0">
  <testcase name="addAnItemTotheCart" time="43.365" classname="Frmwrk.Seleniumframeworkvikesh.TestGotoCartFunctionality"/>
  <testcase name="TestLogin" time="0.0" classname="Frmwrk.Seleniumframeworkvikesh.TestGotoCartFunctionality">
    <ignored/>
  </testcase> <!-- TestLogin -->
</testsuite> <!-- FireFox test -->
